c:\users\juliu\source\repos\yakuza_syndicate\yakuza_syndicate\yakuza_syndicate\release\vc142.pdb
c:\users\juliu\source\repos\yakuza_syndicate\yakuza_syndicate\yakuza_syndicate\release\uielement.obj
c:\users\juliu\source\repos\yakuza_syndicate\yakuza_syndicate\yakuza_syndicate\release\tile.obj
c:\users\juliu\source\repos\yakuza_syndicate\yakuza_syndicate\yakuza_syndicate\release\textfield.obj
c:\users\juliu\source\repos\yakuza_syndicate\yakuza_syndicate\yakuza_syndicate\release\territory.obj
c:\users\juliu\source\repos\yakuza_syndicate\yakuza_syndicate\yakuza_syndicate\release\resourcemanager.obj
c:\users\juliu\source\repos\yakuza_syndicate\yakuza_syndicate\yakuza_syndicate\release\policepatrol.obj
c:\users\juliu\source\repos\yakuza_syndicate\yakuza_syndicate\yakuza_syndicate\release\player.obj
c:\users\juliu\source\repos\yakuza_syndicate\yakuza_syndicate\yakuza_syndicate\release\pane.obj
c:\users\juliu\source\repos\yakuza_syndicate\yakuza_syndicate\yakuza_syndicate\release\networkmanager.obj
c:\users\juliu\source\repos\yakuza_syndicate\yakuza_syndicate\yakuza_syndicate\release\main.obj
c:\users\juliu\source\repos\yakuza_syndicate\yakuza_syndicate\yakuza_syndicate\release\label.obj
c:\users\juliu\source\repos\yakuza_syndicate\yakuza_syndicate\yakuza_syndicate\release\gangmembers.obj
c:\users\juliu\source\repos\yakuza_syndicate\yakuza_syndicate\yakuza_syndicate\release\gamefield.obj
c:\users\juliu\source\repos\yakuza_syndicate\yakuza_syndicate\yakuza_syndicate\release\gameentity.obj
c:\users\juliu\source\repos\yakuza_syndicate\yakuza_syndicate\yakuza_syndicate\release\game.obj
c:\users\juliu\source\repos\yakuza_syndicate\yakuza_syndicate\yakuza_syndicate\release\button.obj
c:\users\juliu\source\repos\yakuza_syndicate\yakuza_syndicate\yakuza_syndicate\release\building.obj
c:\users\juliu\source\repos\yakuza_syndicate\yakuza_syndicate\yakuza_syndicate\release\bank.obj
c:\users\juliu\source\repos\yakuza_syndicate\yakuza_syndicate\release\yakuza_syndicate.exe
c:\users\juliu\source\repos\yakuza_syndicate\yakuza_syndicate\release\yakuza_syndicate.pdb
c:\users\juliu\source\repos\yakuza_syndicate\yakuza_syndicate\release\yakuza_syndicate.ipdb
c:\users\juliu\source\repos\yakuza_syndicate\yakuza_syndicate\release\yakuza_syndicate.iobj
c:\users\juliu\source\repos\yakuza_syndicate\yakuza_syndicate\yakuza_syndicate\release\yakuza_syndicate.tlog\cl.command.1.tlog
c:\users\juliu\source\repos\yakuza_syndicate\yakuza_syndicate\yakuza_syndicate\release\yakuza_syndicate.tlog\cl.read.1.tlog
c:\users\juliu\source\repos\yakuza_syndicate\yakuza_syndicate\yakuza_syndicate\release\yakuza_syndicate.tlog\cl.write.1.tlog
c:\users\juliu\source\repos\yakuza_syndicate\yakuza_syndicate\yakuza_syndicate\release\yakuza_syndicate.tlog\link.command.1.tlog
c:\users\juliu\source\repos\yakuza_syndicate\yakuza_syndicate\yakuza_syndicate\release\yakuza_syndicate.tlog\link.delete.1.tlog
c:\users\juliu\source\repos\yakuza_syndicate\yakuza_syndicate\yakuza_syndicate\release\yakuza_syndicate.tlog\link.read.1.tlog
c:\users\juliu\source\repos\yakuza_syndicate\yakuza_syndicate\yakuza_syndicate\release\yakuza_syndicate.tlog\link.write.1.tlog
c:\users\juliu\source\repos\yakuza_syndicate\yakuza_syndicate\yakuza_syndicate\release\yakuza_syndicate.tlog\yakuza_syndicate.write.1u.tlog
